TN:
SF:E:/rice/2017 Fall/531/assignments/6/front/src/polyfills.ts
FNF:0
FNH:0
DA:41,1
DA:42,1
DA:56,1
LF:3
LH:3
BRF:0
BRH:0
end_of_record
TN:
SF:E:/rice/2017 Fall/531/assignments/6/front/src/test.ts
FN:21,(anonymous_0)
FNF:1
FNH:1
FNDA:1,(anonymous_0)
DA:3,1
DA:4,1
DA:5,1
DA:6,1
DA:7,1
DA:8,1
DA:9,1
DA:10,1
DA:21,1
DA:24,1
DA:29,1
DA:31,1
DA:33,1
LF:13
LH:13
BRF:0
BRH:0
end_of_record
TN:
SF:E:/rice/2017 Fall/531/assignments/6/front/src/app/app.component.ts
FN:12,(anonymous_2)
FN:21,AppComponent
FN:30,(anonymous_4)
FN:38,(anonymous_5)
FN:44,(anonymous_6)
FN:47,(anonymous_7)
FNF:6
FNH:4
FNDA:1,(anonymous_2)
FNDA:3,AppComponent
FNDA:3,(anonymous_4)
FNDA:0,(anonymous_5)
FNDA:0,(anonymous_6)
FNDA:1,(anonymous_7)
DA:1,1
DA:2,1
DA:4,1
DA:12,1
DA:22,3
DA:23,3
DA:25,3
DA:27,3
DA:30,3
DA:32,3
DA:33,3
DA:34,3
DA:38,3
DA:39,0
DA:40,0
DA:44,3
DA:47,1
DA:48,1
DA:50,1
DA:53,1
LF:20
LH:18
BRDA:32,0,0,3
BRDA:32,0,1,0
BRDA:22,1,0,1
BRDA:22,1,1,0
BRDA:22,2,0,1
BRDA:22,3,0,1
BRDA:22,3,1,1
BRDA:22,3,2,0
BRDA:22,4,0,1
BRDA:22,4,1,1
BRF:10
BRH:7
end_of_record
TN:
SF:E:/rice/2017 Fall/531/assignments/6/front/src/app/editor.ts
FN:1,(anonymous_0)
FN:9,Editor
FNF:2
FNH:2
FNDA:1,(anonymous_0)
FNDA:27,Editor
DA:1,1
DA:3,27
DA:5,27
DA:6,27
DA:10,27
DA:13,1
LF:6
LH:6
BRF:0
BRH:0
end_of_record
TN:
SF:E:/rice/2017 Fall/531/assignments/6/front/src/app/helper.service.ts
FN:10,(anonymous_2)
FN:21,HelperService
FN:26,(anonymous_4)
FN:43,(anonymous_5)
FN:44,(anonymous_6)
FN:56,(anonymous_7)
FN:62,(anonymous_8)
FNF:7
FNH:2
FNDA:1,(anonymous_2)
FNDA:0,HelperService
FNDA:6,(anonymous_4)
FNDA:0,(anonymous_5)
FNDA:0,(anonymous_6)
FNDA:0,(anonymous_7)
FNDA:0,(anonymous_8)
DA:1,1
DA:2,1
DA:4,1
DA:6,1
DA:10,1
DA:12,1
DA:16,1
DA:17,1
DA:18,1
DA:22,0
DA:23,0
DA:26,1
DA:27,6
DA:29,6
DA:31,3
DA:33,1
DA:35,2
DA:37,0
DA:39,0
DA:43,1
DA:44,0
DA:45,0
DA:46,0
DA:48,0
DA:50,0
DA:56,1
DA:57,0
DA:59,0
DA:62,0
DA:63,0
DA:64,0
DA:68,0
DA:69,0
DA:70,0
DA:72,0
DA:75,1
LF:36
LH:18
BRDA:30,0,0,3
BRDA:30,0,1,1
BRDA:30,0,2,2
BRDA:30,0,3,0
BRDA:30,0,4,0
BRDA:45,1,0,0
BRDA:45,1,1,0
BRDA:22,2,0,1
BRDA:22,2,1,0
BRDA:22,3,0,1
BRDA:22,4,0,1
BRDA:22,4,1,1
BRDA:22,4,2,0
BRDA:22,5,0,1
BRDA:22,5,1,1
BRF:15
BRH:9
end_of_record
TN:
SF:E:/rice/2017 Fall/531/assignments/6/front/src/app/local.service.ts
FN:8,(anonymous_2)
FN:22,LocalService
FN:28,(anonymous_4)
FN:32,(anonymous_5)
FN:36,(anonymous_6)
FN:40,(anonymous_7)
FN:44,(anonymous_8)
FN:49,(anonymous_9)
FN:60,(anonymous_10)
FNF:9
FNH:1
FNDA:1,(anonymous_2)
FNDA:0,LocalService
FNDA:0,(anonymous_4)
FNDA:0,(anonymous_5)
FNDA:0,(anonymous_6)
FNDA:0,(anonymous_7)
FNDA:0,(anonymous_8)
FNDA:0,(anonymous_9)
FNDA:0,(anonymous_10)
DA:1,1
DA:3,1
DA:4,1
DA:8,1
DA:14,0
DA:15,0
DA:18,0
DA:19,0
DA:23,0
DA:25,0
DA:28,1
DA:29,0
DA:32,1
DA:33,0
DA:36,1
DA:37,0
DA:40,1
DA:41,0
DA:44,1
DA:45,0
DA:49,1
DA:50,0
DA:53,0
DA:56,0
DA:60,1
DA:61,0
DA:64,0
DA:67,0
DA:70,1
LF:29
LH:12
BRDA:23,0,0,1
BRDA:23,0,1,0
BRDA:23,1,0,1
BRF:3
BRH:2
end_of_record
TN:
SF:E:/rice/2017 Fall/531/assignments/6/front/src/app/message.ts
FN:1,(anonymous_0)
FNF:1
FNH:1
FNDA:18,(anonymous_0)
DA:1,1
DA:3,17
DA:6,1
LF:3
LH:3
BRF:0
BRH:0
end_of_record
TN:
SF:E:/rice/2017 Fall/531/assignments/6/front/src/app/user.service.ts
FN:15,(anonymous_2)
FN:17,UserService
FN:23,(anonymous_4)
FN:35,(anonymous_5)
FN:39,(anonymous_6)
FN:51,(anonymous_7)
FN:58,(anonymous_8)
FN:61,(anonymous_9)
FN:65,(anonymous_10)
FN:68,(anonymous_11)
FN:72,(anonymous_12)
FN:87,(anonymous_13)
FN:102,(anonymous_14)
FN:117,(anonymous_15)
FN:132,(anonymous_16)
FN:135,(anonymous_17)
FN:139,(anonymous_18)
FNF:17
FNH:1
FNDA:1,(anonymous_2)
FNDA:0,UserService
FNDA:0,(anonymous_4)
FNDA:0,(anonymous_5)
FNDA:0,(anonymous_6)
FNDA:0,(anonymous_7)
FNDA:0,(anonymous_8)
FNDA:0,(anonymous_9)
FNDA:0,(anonymous_10)
FNDA:0,(anonymous_11)
FNDA:0,(anonymous_12)
FNDA:0,(anonymous_13)
FNDA:0,(anonymous_14)
FNDA:0,(anonymous_15)
FNDA:0,(anonymous_16)
FNDA:0,(anonymous_17)
FNDA:0,(anonymous_18)
DA:1,1
DA:2,1
DA:5,1
DA:9,1
DA:11,1
DA:15,1
DA:18,0
DA:19,0
DA:20,0
DA:23,1
DA:24,0
DA:33,0
DA:35,0
DA:39,1
DA:40,0
DA:49,0
DA:51,0
DA:58,1
DA:59,0
DA:61,0
DA:65,1
DA:66,0
DA:68,0
DA:72,1
DA:73,0
DA:82,0
DA:87,1
DA:88,0
DA:97,0
DA:102,1
DA:103,0
DA:112,0
DA:117,1
DA:118,0
DA:127,0
DA:132,1
DA:133,0
DA:135,0
DA:139,1
DA:140,0
DA:149,0
DA:154,1
LF:42
LH:17
BRDA:18,0,0,1
BRDA:18,0,1,0
BRDA:18,1,0,1
BRDA:18,2,0,1
BRDA:18,2,1,1
BRDA:18,2,2,0
BRDA:18,3,0,1
BRDA:18,3,1,1
BRDA:19,4,0,1
BRDA:19,4,1,1
BRDA:19,4,2,0
BRDA:19,5,0,1
BRDA:19,5,1,1
BRF:13
BRH:10
end_of_record
TN:
SF:E:/rice/2017 Fall/531/assignments/6/front/src/app/article-detail/article.ts
FN:4,(anonymous_0)
FNF:1
FNH:1
FNDA:1,(anonymous_0)
DA:4,1
DA:15,1
LF:2
LH:2
BRF:0
BRH:0
end_of_record
TN:
SF:E:/rice/2017 Fall/531/assignments/6/front/src/app/articles/article.service.ts
FN:11,(anonymous_2)
FN:13,ArticleService
FN:18,(anonymous_4)
FN:21,(anonymous_5)
FN:22,(anonymous_6)
FN:23,(anonymous_7)
FN:29,(anonymous_8)
FN:32,(anonymous_9)
FN:33,(anonymous_10)
FN:34,(anonymous_11)
FN:40,(anonymous_12)
FN:52,(anonymous_13)
FN:53,(anonymous_14)
FN:57,(anonymous_15)
FN:72,(anonymous_16)
FN:84,(anonymous_17)
FN:85,(anonymous_18)
FN:93,(anonymous_19)
FNF:18
FNH:1
FNDA:1,(anonymous_2)
FNDA:0,ArticleService
FNDA:0,(anonymous_4)
FNDA:0,(anonymous_5)
FNDA:0,(anonymous_6)
FNDA:0,(anonymous_7)
FNDA:0,(anonymous_8)
FNDA:0,(anonymous_9)
FNDA:0,(anonymous_10)
FNDA:0,(anonymous_11)
FNDA:0,(anonymous_12)
FNDA:0,(anonymous_13)
FNDA:0,(anonymous_14)
FNDA:0,(anonymous_15)
FNDA:0,(anonymous_16)
FNDA:0,(anonymous_17)
FNDA:0,(anonymous_18)
FNDA:0,(anonymous_19)
DA:1,1
DA:2,1
DA:5,1
DA:7,1
DA:11,1
DA:14,0
DA:15,0
DA:18,1
DA:19,0
DA:21,0
DA:23,0
DA:25,0
DA:29,1
DA:30,0
DA:32,0
DA:34,0
DA:36,0
DA:40,1
DA:41,0
DA:50,0
DA:52,0
DA:53,0
DA:57,1
DA:58,0
DA:67,0
DA:72,1
DA:73,0
DA:82,0
DA:84,0
DA:86,0
DA:88,0
DA:93,1
DA:94,0
DA:103,0
DA:108,1
LF:35
LH:12
BRDA:14,0,0,1
BRDA:14,0,1,0
BRDA:14,1,0,1
BRDA:14,2,0,1
BRDA:14,2,1,1
BRDA:14,2,2,0
BRDA:14,3,0,1
BRDA:14,3,1,1
BRF:8
BRH:6
end_of_record
TN:
SF:E:/rice/2017 Fall/531/assignments/6/front/src/app/articles/articles.component.ts
FN:17,(anonymous_2)
FN:41,ArticlesComponent
FN:71,(anonymous_4)
FN:74,(anonymous_5)
FN:75,(anonymous_6)
FN:85,(anonymous_7)
FN:87,(anonymous_8)
FN:98,(anonymous_9)
FN:114,(anonymous_10)
FN:118,(anonymous_11)
FN:124,(anonymous_12)
FN:131,(anonymous_13)
FN:138,(anonymous_14)
FN:143,(anonymous_15)
FN:152,(anonymous_16)
FN:160,(anonymous_17)
FN:164,(anonymous_18)
FN:173,(anonymous_19)
FN:181,(anonymous_20)
FN:182,(anonymous_21)
FN:188,(anonymous_22)
FN:189,(anonymous_23)
FN:195,(anonymous_24)
FN:199,(anonymous_25)
FN:207,(anonymous_26)
FN:214,(anonymous_27)
FNF:26
FNH:12
FNDA:1,(anonymous_2)
FNDA:5,ArticlesComponent
FNDA:5,(anonymous_4)
FNDA:5,(anonymous_5)
FNDA:0,(anonymous_6)
FNDA:5,(anonymous_7)
FNDA:0,(anonymous_8)
FNDA:0,(anonymous_9)
FNDA:0,(anonymous_10)
FNDA:0,(anonymous_11)
FNDA:0,(anonymous_12)
FNDA:0,(anonymous_13)
FNDA:1,(anonymous_14)
FNDA:1,(anonymous_15)
FNDA:0,(anonymous_16)
FNDA:5,(anonymous_17)
FNDA:15,(anonymous_18)
FNDA:1,(anonymous_19)
FNDA:2,(anonymous_20)
FNDA:6,(anonymous_21)
FNDA:0,(anonymous_22)
FNDA:0,(anonymous_23)
FNDA:0,(anonymous_24)
FNDA:0,(anonymous_25)
FNDA:0,(anonymous_26)
FNDA:0,(anonymous_27)
DA:1,1
DA:3,1
DA:5,1
DA:7,1
DA:8,1
DA:9,1
DA:17,1
DA:42,5
DA:44,5
DA:45,5
DA:47,5
DA:48,5
DA:49,5
DA:51,5
DA:53,5
DA:56,5
DA:68,5
DA:71,5
DA:73,5
DA:74,5
DA:76,0
DA:78,0
DA:81,5
DA:85,5
DA:87,5
DA:88,0
DA:90,0
DA:92,0
DA:94,0
DA:98,5
DA:99,0
DA:101,0
DA:104,0
DA:105,0
DA:107,0
DA:110,0
DA:114,5
DA:118,1
DA:119,0
DA:120,0
DA:124,1
DA:125,0
DA:127,0
DA:131,1
DA:132,0
DA:134,0
DA:138,1
DA:139,1
DA:145,1
DA:146,1
DA:148,1
DA:149,1
DA:150,1
DA:153,0
DA:155,0
DA:160,1
DA:161,5
DA:164,15
DA:167,5
DA:169,5
DA:173,1
DA:174,1
DA:176,1
DA:177,1
DA:181,2
DA:182,2
DA:183,6
DA:188,1
DA:189,0
DA:191,0
DA:195,1
DA:196,0
DA:198,0
DA:201,0
DA:203,0
DA:205,0
DA:208,0
DA:210,0
DA:214,1
DA:215,0
DA:216,0
DA:219,1
LF:82
LH:51
BRDA:104,0,0,0
BRDA:104,0,1,0
BRDA:164,1,0,10
BRDA:164,1,1,5
BRDA:176,2,0,0
BRDA:176,2,1,1
BRDA:183,3,0,6
BRDA:183,3,1,5
BRDA:42,4,0,1
BRDA:42,4,1,0
BRDA:42,5,0,1
BRF:11
BRH:7
end_of_record
TN:
SF:E:/rice/2017 Fall/531/assignments/6/front/src/app/followings/following.service.ts
FN:11,(anonymous_2)
FN:13,FollowingService
FN:18,(anonymous_4)
FN:21,(anonymous_5)
FN:25,(anonymous_6)
FN:33,(anonymous_7)
FN:37,(anonymous_8)
FNF:7
FNH:1
FNDA:1,(anonymous_2)
FNDA:0,FollowingService
FNDA:0,(anonymous_4)
FNDA:0,(anonymous_5)
FNDA:0,(anonymous_6)
FNDA:0,(anonymous_7)
FNDA:0,(anonymous_8)
DA:1,1
DA:2,1
DA:5,1
DA:7,1
DA:11,1
DA:14,0
DA:15,0
DA:18,1
DA:19,0
DA:21,0
DA:25,1
DA:26,0
DA:31,0
DA:33,0
DA:37,1
DA:38,0
DA:43,0
DA:48,1
LF:18
LH:9
BRDA:14,0,0,1
BRDA:14,0,1,0
BRDA:14,1,0,1
BRDA:14,2,0,1
BRDA:14,2,1,1
BRDA:14,2,2,0
BRDA:14,3,0,1
BRDA:14,3,1,1
BRF:8
BRH:6
end_of_record
TN:
SF:E:/rice/2017 Fall/531/assignments/6/front/src/app/followings/followings.component.ts
FN:15,(anonymous_2)
FN:36,FollowingsComponent
FN:48,(anonymous_4)
FN:51,(anonymous_5)
FN:54,(anonymous_6)
FN:59,(anonymous_7)
FN:67,(anonymous_8)
FN:73,(anonymous_9)
FN:86,(anonymous_10)
FN:94,(anonymous_11)
FN:98,(anonymous_12)
FN:102,(anonymous_13)
FN:106,(anonymous_14)
FN:113,(anonymous_15)
FNF:14
FNH:8
FNDA:1,(anonymous_2)
FNDA:1,FollowingsComponent
FNDA:1,(anonymous_4)
FNDA:1,(anonymous_5)
FNDA:3,(anonymous_6)
FNDA:0,(anonymous_7)
FNDA:1,(anonymous_8)
FNDA:0,(anonymous_9)
FNDA:1,(anonymous_10)
FNDA:0,(anonymous_11)
FNDA:0,(anonymous_12)
FNDA:0,(anonymous_13)
FNDA:0,(anonymous_14)
FNDA:1,(anonymous_15)
DA:1,1
DA:3,1
DA:5,1
DA:6,1
DA:7,1
DA:15,1
DA:30,1
DA:33,1
DA:37,1
DA:39,1
DA:41,1
DA:43,1
DA:45,1
DA:48,1
DA:50,1
DA:52,1
DA:54,1
DA:55,3
DA:57,1
DA:60,0
DA:62,0
DA:67,1
DA:68,1
DA:70,1
DA:72,1
DA:74,0
DA:76,0
DA:79,0
DA:81,0
DA:83,0
DA:84,0
DA:87,1
DA:89,1
DA:94,1
DA:95,0
DA:97,0
DA:99,0
DA:102,0
DA:104,0
DA:107,0
DA:109,0
DA:113,1
DA:114,1
DA:115,1
DA:118,1
LF:45
LH:30
BRDA:68,0,0,0
BRDA:68,0,1,1
BRDA:37,1,0,1
BRDA:37,1,1,0
BRDA:37,2,0,1
BRF:5
BRH:3
end_of_record
TN:
SF:E:/rice/2017 Fall/531/assignments/6/front/src/app/landing/landing.component.ts
FN:17,(anonymous_2)
FN:40,LandingComponent
FN:65,(anonymous_4)
FN:69,(anonymous_5)
FN:73,(anonymous_6)
FN:78,(anonymous_7)
FN:79,(anonymous_8)
FN:88,(anonymous_9)
FN:93,(anonymous_10)
FN:94,(anonymous_11)
FNF:10
FNH:7
FNDA:1,(anonymous_2)
FNDA:2,LandingComponent
FNDA:2,(anonymous_4)
FNDA:3,(anonymous_5)
FNDA:0,(anonymous_6)
FNDA:0,(anonymous_7)
FNDA:0,(anonymous_8)
FNDA:2,(anonymous_9)
FNDA:1,(anonymous_10)
FNDA:1,(anonymous_11)
DA:1,1
DA:2,1
DA:4,1
DA:5,1
DA:6,1
DA:7,1
DA:8,1
DA:9,1
DA:17,1
DA:41,2
DA:42,2
DA:43,2
DA:44,2
DA:47,2
DA:48,0
DA:51,2
DA:53,2
DA:55,2
DA:56,2
DA:58,2
DA:59,2
DA:61,2
DA:62,2
DA:65,2
DA:67,2
DA:69,3
DA:73,1
DA:74,0
DA:77,0
DA:78,0
DA:80,0
DA:81,0
DA:82,0
DA:88,2
DA:89,2
DA:92,2
DA:93,1
DA:95,1
DA:96,1
DA:97,1
DA:101,1
LF:41
LH:34
BRDA:47,0,0,0
BRDA:47,0,1,2
BRDA:69,1,0,3
BRDA:69,1,1,0
BRDA:41,2,0,1
BRDA:41,2,1,0
BRDA:41,3,0,1
BRDA:41,4,0,1
BRDA:41,4,1,1
BRDA:41,4,2,0
BRDA:41,5,0,1
BRDA:41,5,1,1
BRDA:42,6,0,1
BRDA:42,6,1,1
BRDA:42,6,2,0
BRDA:42,7,0,1
BRDA:42,7,1,1
BRDA:43,8,0,1
BRDA:43,8,1,1
BRDA:43,8,2,0
BRDA:43,9,0,1
BRDA:43,9,1,1
BRF:22
BRH:16
end_of_record
TN:
SF:E:/rice/2017 Fall/531/assignments/6/front/src/app/landing/log-in-info.ts
FN:1,(anonymous_0)
FNF:1
FNH:1
FNDA:3,(anonymous_0)
DA:1,1
DA:4,1
LF:2
LH:2
BRF:0
BRH:0
end_of_record
TN:
SF:E:/rice/2017 Fall/531/assignments/6/front/src/app/landing/registration-info.ts
FN:1,(anonymous_0)
FNF:1
FNH:1
FNDA:3,(anonymous_0)
DA:1,1
DA:9,1
LF:2
LH:2
BRF:0
BRH:0
end_of_record
TN:
SF:E:/rice/2017 Fall/531/assignments/6/front/src/app/main/main.component.ts
FN:16,(anonymous_2)
FN:34,MainComponent
FN:46,(anonymous_4)
FN:49,(anonymous_5)
FN:58,(anonymous_6)
FN:66,(anonymous_7)
FN:70,(anonymous_8)
FN:77,(anonymous_9)
FN:85,(anonymous_10)
FN:92,(anonymous_11)
FN:98,(anonymous_12)
FNF:11
FNH:6
FNDA:1,(anonymous_2)
FNDA:1,MainComponent
FNDA:1,(anonymous_4)
FNDA:1,(anonymous_5)
FNDA:0,(anonymous_6)
FNDA:1,(anonymous_7)
FNDA:1,(anonymous_8)
FNDA:0,(anonymous_9)
FNDA:0,(anonymous_10)
FNDA:0,(anonymous_11)
FNDA:0,(anonymous_12)
DA:1,1
DA:3,1
DA:4,1
DA:5,1
DA:6,1
DA:7,1
DA:8,1
DA:16,1
DA:31,1
DA:35,1
DA:37,1
DA:39,1
DA:41,1
DA:43,1
DA:46,1
DA:48,1
DA:50,1
DA:52,1
DA:54,1
DA:56,1
DA:59,0
DA:61,0
DA:66,1
DA:67,1
DA:69,1
DA:71,1
DA:73,1
DA:74,1
DA:75,1
DA:78,0
DA:80,0
DA:85,1
DA:86,0
DA:88,0
DA:92,1
DA:93,0
DA:95,0
DA:98,1
DA:99,0
DA:100,0
DA:103,1
LF:41
LH:31
BRDA:31,0,0,1
BRDA:31,0,1,0
BRDA:31,1,0,1
BRDA:35,2,0,1
BRDA:35,2,1,0
BRDA:35,3,0,1
BRF:6
BRH:4
end_of_record
TN:
SF:E:/rice/2017 Fall/531/assignments/6/front/src/app/main/user-brief.ts
FN:1,(anonymous_0)
FNF:1
FNH:1
FNDA:2,(anonymous_0)
DA:1,1
DA:9,1
LF:2
LH:2
BRF:0
BRH:0
end_of_record
TN:
SF:E:/rice/2017 Fall/531/assignments/6/front/src/app/profile/password-info.ts
FN:1,(anonymous_0)
FNF:1
FNH:1
FNDA:3,(anonymous_0)
DA:1,1
DA:3,2
DA:4,2
DA:5,2
DA:7,1
LF:5
LH:5
BRF:0
BRH:0
end_of_record
TN:
SF:E:/rice/2017 Fall/531/assignments/6/front/src/app/profile/profile-info.ts
FN:1,(anonymous_0)
FNF:1
FNH:1
FNDA:3,(anonymous_0)
DA:1,1
DA:3,2
DA:8,1
LF:3
LH:3
BRF:0
BRH:0
end_of_record
TN:
SF:E:/rice/2017 Fall/531/assignments/6/front/src/app/profile/profile.component.ts
FN:19,(anonymous_2)
FN:47,ProfileComponent
FN:83,(anonymous_4)
FN:88,(anonymous_5)
FN:97,(anonymous_6)
FN:107,(anonymous_7)
FN:109,(anonymous_8)
FN:125,(anonymous_9)
FN:140,(anonymous_10)
FN:141,(anonymous_11)
FN:145,(anonymous_12)
FN:149,(anonymous_13)
FN:155,(anonymous_14)
FN:165,(anonymous_15)
FN:172,(anonymous_16)
FN:181,(anonymous_17)
FN:188,(anonymous_18)
FN:195,(anonymous_19)
FN:199,(anonymous_20)
FN:205,(anonymous_21)
FN:212,(anonymous_22)
FNF:21
FNH:7
FNDA:1,(anonymous_2)
FNDA:2,ProfileComponent
FNDA:2,(anonymous_4)
FNDA:2,(anonymous_5)
FNDA:0,(anonymous_6)
FNDA:2,(anonymous_7)
FNDA:0,(anonymous_8)
FNDA:0,(anonymous_9)
FNDA:0,(anonymous_10)
FNDA:0,(anonymous_11)
FNDA:0,(anonymous_12)
FNDA:0,(anonymous_13)
FNDA:0,(anonymous_14)
FNDA:0,(anonymous_15)
FNDA:1,(anonymous_16)
FNDA:0,(anonymous_17)
FNDA:0,(anonymous_18)
FNDA:0,(anonymous_19)
FNDA:1,(anonymous_20)
FNDA:0,(anonymous_21)
FNDA:0,(anonymous_22)
DA:1,1
DA:3,1
DA:5,1
DA:6,1
DA:7,1
DA:8,1
DA:9,1
DA:10,1
DA:11,1
DA:19,1
DA:48,2
DA:50,2
DA:52,2
DA:53,2
DA:54,2
DA:56,2
DA:57,2
DA:59,2
DA:60,2
DA:61,2
DA:63,2
DA:65,2
DA:68,2
DA:80,2
DA:83,2
DA:84,2
DA:85,2
DA:87,2
DA:89,2
DA:91,2
DA:93,2
DA:95,2
DA:98,0
DA:100,0
DA:103,2
DA:107,2
DA:109,2
DA:110,0
DA:111,0
DA:113,0
DA:119,0
DA:121,0
DA:125,2
DA:126,0
DA:128,0
DA:131,0
DA:132,0
DA:134,0
DA:137,0
DA:139,0
DA:140,0
DA:141,0
DA:145,2
DA:149,1
DA:150,0
DA:151,0
DA:155,1
DA:156,0
DA:157,0
DA:159,0
DA:161,0
DA:165,1
DA:166,0
DA:168,0
DA:172,1
DA:173,1
DA:175,1
DA:178,1
DA:179,0
DA:181,0
DA:185,1
DA:186,0
DA:188,0
DA:192,1
DA:193,0
DA:195,0
DA:198,1
DA:200,1
DA:202,1
DA:203,1
DA:206,0
DA:208,0
DA:212,1
DA:213,0
DA:214,0
DA:217,1
LF:86
LH:52
BRDA:131,0,0,0
BRDA:131,0,1,0
BRDA:178,1,0,0
BRDA:178,1,1,1
BRDA:185,2,0,0
BRDA:185,2,1,1
BRDA:192,3,0,0
BRDA:192,3,1,1
BRDA:48,4,0,1
BRDA:48,4,1,0
BRDA:48,5,0,1
BRF:11
BRH:5
end_of_record
TN:
SF:E:/rice/2017 Fall/531/assignments/6/front/src/app/profile/user-profile.ts
FN:1,(anonymous_0)
FNF:1
FNH:1
FNDA:3,(anonymous_0)
DA:1,1
DA:13,1
LF:2
LH:2
BRF:0
BRH:0
end_of_record
TN:
SF:E:/rice/2017 Fall/531/assignments/6/front/src/testing/actions.ts
FN:7,(anonymous_0)
FN:9,(anonymous_2)
FN:21,(anonymous_3)
FN:32,(anonymous_4)
FN:37,(anonymous_5)
FN:40,(anonymous_6)
FN:44,(anonymous_7)
FN:47,(anonymous_8)
FN:49,(anonymous_9)
FN:52,(anonymous_10)
FN:54,(anonymous_11)
FN:57,(anonymous_12)
FN:59,(anonymous_13)
FN:62,(anonymous_14)
FN:64,(anonymous_15)
FN:67,(anonymous_16)
FN:71,(anonymous_17)
FN:74,(anonymous_18)
FN:76,(anonymous_19)
FNF:19
FNH:1
FNDA:12,(anonymous_0)
FNDA:0,(anonymous_2)
FNDA:0,(anonymous_3)
FNDA:0,(anonymous_4)
FNDA:0,(anonymous_5)
FNDA:0,(anonymous_6)
FNDA:0,(anonymous_7)
FNDA:0,(anonymous_8)
FNDA:0,(anonymous_9)
FNDA:0,(anonymous_10)
FNDA:0,(anonymous_11)
FNDA:0,(anonymous_12)
FNDA:0,(anonymous_13)
FNDA:0,(anonymous_14)
FNDA:0,(anonymous_15)
FNDA:0,(anonymous_16)
FNDA:0,(anonymous_17)
FNDA:0,(anonymous_18)
FNDA:0,(anonymous_19)
DA:5,1
DA:7,1
DA:9,1
DA:10,0
DA:18,0
DA:20,0
DA:22,0
DA:23,0
DA:26,0
DA:27,0
DA:32,1
DA:33,0
DA:37,0
DA:40,1
DA:41,0
DA:44,0
DA:47,1
DA:48,0
DA:49,0
DA:52,1
DA:53,0
DA:54,0
DA:57,1
DA:58,0
DA:59,0
DA:62,1
DA:63,0
DA:64,0
DA:67,1
DA:68,0
DA:71,0
DA:74,1
DA:75,0
DA:76,0
DA:79,1
LF:35
LH:12
BRDA:18,0,0,0
BRDA:18,0,1,0
BRDA:22,1,0,0
BRDA:22,1,1,0
BRDA:23,2,0,0
BRDA:23,2,1,0
BRF:6
BRH:0
end_of_record
TN:
SF:E:/rice/2017 Fall/531/assignments/6/front/src/testing/fake-activated-route.ts
FN:7,(anonymous_0)
FN:15,(anonymous_2)
FN:16,(anonymous_3)
FNF:3
FNH:3
FNDA:2,(anonymous_0)
FNDA:1,(anonymous_2)
FNDA:2,(anonymous_3)
DA:3,1
DA:7,1
DA:10,1
DA:11,1
DA:15,1
DA:17,2
DA:18,2
DA:21,1
LF:8
LH:8
BRF:0
BRH:0
end_of_record
TN:
SF:E:/rice/2017 Fall/531/assignments/6/front/src/testing/fake-article-detail.component.ts
FN:9,(anonymous_2)
FN:15,FakeArticleDetailComponent
FNF:2
FNH:2
FNDA:1,(anonymous_2)
FNDA:16,FakeArticleDetailComponent
DA:1,1
DA:2,1
DA:9,1
DA:12,1
DA:17,1
LF:5
LH:5
BRDA:12,0,0,1
BRDA:12,0,1,0
BRDA:12,1,0,1
BRF:3
BRH:2
end_of_record
TN:
SF:E:/rice/2017 Fall/531/assignments/6/front/src/testing/fake-articles.component.ts
FN:8,(anonymous_2)
FN:14,FakeArticlesComponent
FNF:2
FNH:2
FNDA:1,(anonymous_2)
FNDA:1,FakeArticlesComponent
DA:1,1
DA:8,1
DA:11,1
DA:16,1
LF:4
LH:4
BRF:0
BRH:0
end_of_record
TN:
SF:E:/rice/2017 Fall/531/assignments/6/front/src/testing/fake-data.ts
FNF:0
FNH:0
DA:6,1
DA:14,1
DA:26,1
DA:64,1
LF:4
LH:4
BRF:0
BRH:0
end_of_record
TN:
SF:E:/rice/2017 Fall/531/assignments/6/front/src/testing/fake-followings.component.ts
FN:8,(anonymous_2)
FN:17,FakeFollowingsComponent
FNF:2
FNH:2
FNDA:1,(anonymous_2)
FNDA:1,FakeFollowingsComponent
DA:1,1
DA:8,1
DA:11,1
DA:14,1
DA:19,1
LF:5
LH:5
BRF:0
BRH:0
end_of_record
TN:
SF:E:/rice/2017 Fall/531/assignments/6/front/src/testing/fake-local.service.ts
FN:7,(anonymous_2)
FN:21,FakeLocalService
FN:25,(anonymous_4)
FN:27,(anonymous_5)
FN:31,(anonymous_6)
FN:35,(anonymous_7)
FN:39,(anonymous_8)
FN:43,(anonymous_9)
FN:48,(anonymous_10)
FNF:9
FNH:9
FNDA:1,(anonymous_2)
FNDA:2,FakeLocalService
FNDA:2,(anonymous_4)
FNDA:3,(anonymous_5)
FNDA:3,(anonymous_6)
FNDA:5,(anonymous_7)
FNDA:3,(anonymous_8)
FNDA:3,(anonymous_9)
FNDA:1,(anonymous_10)
DA:1,1
DA:3,1
DA:7,1
DA:13,2
DA:14,2
DA:17,2
DA:18,2
DA:22,2
DA:25,1
DA:27,1
DA:28,3
DA:31,1
DA:32,3
DA:35,1
DA:36,5
DA:39,1
DA:40,3
DA:43,1
DA:44,3
DA:48,1
DA:50,1
LF:21
LH:21
BRF:0
BRH:0
end_of_record
TN:
SF:E:/rice/2017 Fall/531/assignments/6/front/src/testing/fake-query-params.directive.ts
FN:6,(anonymous_2)
FN:6,FakeQueryParamsDirective
FNF:2
FNH:1
FNDA:1,(anonymous_2)
FNDA:0,FakeQueryParamsDirective
DA:1,1
DA:6,1
DA:8,1
DA:10,1
LF:4
LH:4
BRF:0
BRH:0
end_of_record
TN:
SF:E:/rice/2017 Fall/531/assignments/6/front/src/testing/fake-router-link.directive.ts
FN:9,(anonymous_2)
FN:3,FakeRouterLinkDirective
FN:14,(anonymous_4)
FNF:3
FNH:3
FNDA:1,(anonymous_2)
FNDA:6,FakeRouterLinkDirective
FNDA:2,(anonymous_4)
DA:1,1
DA:9,1
DA:11,1
DA:12,6
DA:14,1
DA:15,2
DA:18,1
LF:7
LH:7
BRF:0
BRH:0
end_of_record
TN:
SF:E:/rice/2017 Fall/531/assignments/6/front/src/testing/fake-router-outlet.component.ts
FN:7,(anonymous_1)
FN:7,FakeRouterOutletComponent
FNF:2
FNH:2
FNDA:1,(anonymous_1)
FNDA:3,FakeRouterOutletComponent
DA:1,1
DA:7,1
LF:2
LH:2
BRF:0
BRH:0
end_of_record
TN:
SF:E:/rice/2017 Fall/531/assignments/6/front/src/testing/fake-router.ts
FN:1,(anonymous_0)
FN:3,(anonymous_2)
FNF:2
FNH:1
FNDA:6,(anonymous_0)
FNDA:0,(anonymous_2)
DA:1,1
DA:3,1
DA:5,1
LF:3
LH:3
BRF:0
BRH:0
end_of_record
TN:
SF:E:/rice/2017 Fall/531/assignments/6/front/src/testing/fake-sui-progress.component.ts
FN:7,(anonymous_2)
FN:13,FakeSuiProgressComponent
FNF:2
FNH:1
FNDA:1,(anonymous_2)
FNDA:0,FakeSuiProgressComponent
DA:1,1
DA:7,1
DA:10,1
DA:15,1
LF:4
LH:4
BRF:0
BRH:0
end_of_record
TN:
SF:E:/rice/2017 Fall/531/assignments/6/front/src/testing/fake-uploader.directive.ts
FN:7,(anonymous_2)
FN:7,FakeUploaderDirective
FNF:2
FNH:2
FNDA:1,(anonymous_2)
FNDA:7,FakeUploaderDirective
DA:1,1
DA:7,1
DA:9,1
DA:11,1
LF:4
LH:4
BRF:0
BRH:0
end_of_record
